# JRE version: Java(TM) SE Runtime Environment (8.0_251-b08) (build 1.8.0_251-b08)
# Java VM: Java HotSpot(TM) 64-Bit Server VM (25.251-b08 mixed mode windows-amd64 compressed oops)
Heap:
 PSYoungGen      total 666112K, used 209214K [0x0000000759100000, 0x000000078d400000, 0x00000007c0000000)
  eden space 512000K, 32% used [0x0000000759100000,0x0000000763596fa8,0x0000000778500000)
  from space 154112K, 26% used [0x0000000778500000,0x000000077acb8ae0,0x0000000781b80000)
  to   space 144896K, 0% used [0x0000000784680000,0x0000000784680000,0x000000078d400000)
 ParOldGen       total 776704K, used 267048K [0x000000068b200000, 0x00000006ba880000, 0x0000000759100000)
  object space 776704K, 34% used [0x000000068b200000,0x000000069b6ca128,0x00000006ba880000)
 Metaspace       used 105441K, capacity 119466K, committed 121728K, reserved 1155072K
  class space    used 14664K, capacity 16062K, committed 16512K, reserved 1048576K
GC Heap History (10 events):
Event: 41.308 GC heap before
{Heap before GC invocations=26 (full 5):
 PSYoungGen      total 520704K, used 415664K [0x0000000759100000, 0x0000000782280000, 0x00000007c0000000)
  eden space 406528K, 100% used [0x0000000759100000,0x0000000771e00000,0x0000000771e00000)
  from space 114176K, 8% used [0x0000000779e00000,0x000000077a6ec220,0x0000000780d80000)
  to   space 131072K, 0% used [0x0000000771e00000,0x0000000771e00000,0x0000000779e00000)
 ParOldGen       total 776704K, used 267008K [0x000000068b200000, 0x00000006ba880000, 0x0000000759100000)
  object space 776704K, 34% used [0x000000068b200000,0x000000069b6c0128,0x00000006ba880000)
 Metaspace       used 104346K, capacity 118132K, committed 120960K, reserved 1153024K
  class space    used 14572K, capacity 15932K, committed 16512K, reserved 1048576K
Event: 41.331 GC heap after
Heap after GC invocations=26 (full 5):
 PSYoungGen      total 537600K, used 8608K [0x0000000759100000, 0x0000000786b00000, 0x00000007c0000000)
  eden space 406528K, 0% used [0x0000000759100000,0x0000000759100000,0x0000000771e00000)
  from space 131072K, 6% used [0x0000000771e00000,0x0000000772668280,0x0000000779e00000)
  to   space 143872K, 0% used [0x000000077de80000,0x000000077de80000,0x0000000786b00000)
 ParOldGen       total 776704K, used 267016K [0x000000068b200000, 0x00000006ba880000, 0x0000000759100000)
  object space 776704K, 34% used [0x000000068b200000,0x000000069b6c2128,0x00000006ba880000)
 Metaspace       used 104346K, capacity 118132K, committed 120960K, reserved 1153024K
  class space    used 14572K, capacity 15932K, committed 16512K, reserved 1048576K
}
Event: 43.844 GC heap before
{Heap before GC invocations=27 (full 5):
 PSYoungGen      total 537600K, used 400366K [0x0000000759100000, 0x0000000786b00000, 0x00000007c0000000)
  eden space 406528K, 96% used [0x0000000759100000,0x0000000770f936a8,0x0000000771e00000)
  from space 131072K, 6% used [0x0000000771e00000,0x0000000772668280,0x0000000779e00000)
  to   space 143872K, 0% used [0x000000077de80000,0x000000077de80000,0x0000000786b00000)
 ParOldGen       total 776704K, used 267016K [0x000000068b200000, 0x00000006ba880000, 0x0000000759100000)
  object space 776704K, 34% used [0x000000068b200000,0x000000069b6c2128,0x00000006ba880000)
 Metaspace       used 105305K, capacity 119294K, committed 121472K, reserved 1155072K
  class space    used 14662K, capacity 16060K, committed 16512K, reserved 1048576K
Event: 43.859 GC heap after
Heap after GC invocations=27 (full 5):
 PSYoungGen      total 586240K, used 12779K [0x0000000759100000, 0x0000000785e00000, 0x00000007c0000000)
  eden space 455680K, 0% used [0x0000000759100000,0x0000000759100000,0x0000000774e00000)
  from space 130560K, 9% used [0x000000077de80000,0x000000077eafac28,0x0000000785e00000)
  to   space 139264K, 0% used [0x0000000774e00000,0x0000000774e00000,0x000000077d600000)
 ParOldGen       total 776704K, used 267024K [0x000000068b200000, 0x00000006ba880000, 0x0000000759100000)
  object space 776704K, 34% used [0x000000068b200000,0x000000069b6c4128,0x00000006ba880000)
 Metaspace       used 105305K, capacity 119294K, committed 121472K, reserved 1155072K
  class space    used 14662K, capacity 16060K, committed 16512K, reserved 1048576K
}
Event: 47.503 GC heap before
{Heap before GC invocations=28 (full 5):
 PSYoungGen      total 586240K, used 468459K [0x0000000759100000, 0x0000000785e00000, 0x00000007c0000000)
  eden space 455680K, 100% used [0x0000000759100000,0x0000000774e00000,0x0000000774e00000)
  from space 130560K, 9% used [0x000000077de80000,0x000000077eafac28,0x0000000785e00000)
  to   space 139264K, 0% used [0x0000000774e00000,0x0000000774e00000,0x000000077d600000)
 ParOldGen       total 776704K, used 267024K [0x000000068b200000, 0x00000006ba880000, 0x0000000759100000)
  object space 776704K, 34% used [0x000000068b200000,0x000000069b6c4128,0x00000006ba880000)
 Metaspace       used 105371K, capacity 119368K, committed 121472K, reserved 1155072K
  class space    used 14663K, capacity 16061K, committed 16512K, reserved 1048576K
Event: 47.546 GC heap after
Heap after GC invocations=28 (full 5):
 PSYoungGen      total 594944K, used 127483K [0x0000000759100000, 0x000000078c080000, 0x00000007c0000000)
  eden space 455680K, 0% used [0x0000000759100000,0x0000000759100000,0x0000000774e00000)
  from space 139264K, 91% used [0x0000000774e00000,0x000000077ca7ed00,0x000000077d600000)
  to   space 161280K, 0% used [0x0000000782300000,0x0000000782300000,0x000000078c080000)
 ParOldGen       total 776704K, used 267032K [0x000000068b200000, 0x00000006ba880000, 0x0000000759100000)
  object space 776704K, 34% used [0x000000068b200000,0x000000069b6c6128,0x00000006ba880000)
 Metaspace       used 105371K, capacity 119368K, committed 121472K, reserved 1155072K
  class space    used 14663K, capacity 16061K, committed 16512K, reserved 1048576K
}
Event: 51.652 GC heap before
{Heap before GC invocations=29 (full 5):
 PSYoungGen      total 594944K, used 583163K [0x0000000759100000, 0x000000078c080000, 0x00000007c0000000)
  eden space 455680K, 100% used [0x0000000759100000,0x0000000774e00000,0x0000000774e00000)
  from space 139264K, 91% used [0x0000000774e00000,0x000000077ca7ed00,0x000000077d600000)
  to   space 161280K, 0% used [0x0000000782300000,0x0000000782300000,0x000000078c080000)
 ParOldGen       total 776704K, used 267032K [0x000000068b200000, 0x00000006ba880000, 0x0000000759100000)
  object space 776704K, 34% used [0x000000068b200000,0x000000069b6c6128,0x00000006ba880000)
 Metaspace       used 105408K, capacity 119438K, committed 121728K, reserved 1155072K
  class space    used 14664K, capacity 16062K, committed 16512K, reserved 1048576K
Event: 51.692 GC heap after
Heap after GC invocations=29 (full 5):
 PSYoungGen      total 658432K, used 28082K [0x0000000759100000, 0x000000078b200000, 0x00000007c0000000)
  eden space 512000K, 0% used [0x0000000759100000,0x0000000759100000,0x0000000778500000)
  from space 146432K, 19% used [0x0000000782300000,0x0000000783e6c8c8,0x000000078b200000)
  to   space 154112K, 0% used [0x0000000778500000,0x0000000778500000,0x0000000781b80000)
 ParOldGen       total 776704K, used 267040K [0x000000068b200000, 0x00000006ba880000, 0x0000000759100000)
  object space 776704K, 34% used [0x000000068b200000,0x000000069b6c8128,0x00000006ba880000)
 Metaspace       used 105408K, capacity 119438K, committed 121728K, reserved 1155072K
  class space    used 14664K, capacity 16062K, committed 16512K, reserved 1048576K
}
Event: 54.926 GC heap before
{Heap before GC invocations=30 (full 5):
 PSYoungGen      total 658432K, used 540082K [0x0000000759100000, 0x000000078b200000, 0x00000007c0000000)
  eden space 512000K, 100% used [0x0000000759100000,0x0000000778500000,0x0000000778500000)
  from space 146432K, 19% used [0x0000000782300000,0x0000000783e6c8c8,0x000000078b200000)
  to   space 154112K, 0% used [0x0000000778500000,0x0000000778500000,0x0000000781b80000)
 ParOldGen       total 776704K, used 267040K [0x000000068b200000, 0x00000006ba880000, 0x0000000759100000)
  object space 776704K, 34% used [0x000000068b200000,0x000000069b6c8128,0x00000006ba880000)
 Metaspace       used 105422K, capacity 119450K, committed 121728K, reserved 1155072K
  class space    used 14664K, capacity 16062K, committed 16512K, reserved 1048576K
Event: 54.981 GC heap after
Heap after GC invocations=30 (full 5):
 PSYoungGen      total 666112K, used 40674K [0x0000000759100000, 0x000000078d400000, 0x00000007c0000000)
  eden space 512000K, 0% used [0x0000000759100000,0x0000000759100000,0x0000000778500000)
  from space 154112K, 26% used [0x0000000778500000,0x000000077acb8ae0,0x0000000781b80000)
  to   space 144896K, 0% used [0x0000000784680000,0x0000000784680000,0x000000078d400000)
 ParOldGen       total 776704K, used 267048K [0x000000068b200000, 0x00000006ba880000, 0x0000000759100000)
  object space 776704K, 34% used [0x000000068b200000,0x000000069b6ca128,0x00000006ba880000)
 Metaspace       used 105422K, capacity 119450K, committed 121728K, reserved 1155072K
  class space    used 14664K, capacity 16062K, committed 16512K, reserved 1048576K
}

