# JRE version: Java(TM) SE Runtime Environment (8.0_251-b08) (build 1.8.0_251-b08)
# Java VM: Java HotSpot(TM) 64-Bit Server VM (25.251-b08 mixed mode windows-amd64 compressed oops)
Heap:
 PSYoungGen      total 1644544K, used 355216K [0x0000000759100000, 0x00000007c0000000, 0x00000007c0000000)
  eden space 1605632K, 19% used [0x0000000759100000,0x000000076c64bd68,0x00000007bb100000)
  from space 38912K, 98% used [0x00000007bb100000,0x00000007bd6984e8,0x00000007bd700000)
  to   space 40960K, 0% used [0x00000007bd800000,0x00000007bd800000,0x00000007c0000000)
 ParOldGen       total 1057792K, used 553899K [0x000000068b200000, 0x00000006cbb00000, 0x0000000759100000)
  object space 1057792K, 52% used [0x000000068b200000,0x00000006aceeae70,0x00000006cbb00000)
 Metaspace       used 128011K, capacity 144758K, committed 144984K, reserved 1175552K
  class space    used 16855K, capacity 18444K, committed 18560K, reserved 1048576K
GC Heap History (10 events):
Event: 396.729 GC heap before
{Heap before GC invocations=131 (full 6):
 PSYoungGen      total 1646080K, used 1639361K [0x0000000759100000, 0x00000007c0000000, 0x00000007c0000000)
  eden space 1605632K, 100% used [0x0000000759100000,0x00000007bb100000,0x00000007bb100000)
  from space 40448K, 83% used [0x00000007bd880000,0x00000007bf970730,0x00000007c0000000)
  to   space 40448K, 0% used [0x00000007bb100000,0x00000007bb100000,0x00000007bd880000)
 ParOldGen       total 1057792K, used 546043K [0x000000068b200000, 0x00000006cbb00000, 0x0000000759100000)
  object space 1057792K, 51% used [0x000000068b200000,0x00000006ac73ee60,0x00000006cbb00000)
 Metaspace       used 125221K, capacity 141600K, committed 141656K, reserved 1173504K
  class space    used 16428K, capacity 18030K, committed 18048K, reserved 1048576K
Event: 396.800 GC heap after
Heap after GC invocations=131 (full 6):
 PSYoungGen      total 1640960K, used 34945K [0x0000000759100000, 0x00000007bff00000, 0x00000007c0000000)
  eden space 1605632K, 0% used [0x0000000759100000,0x0000000759100000,0x00000007bb100000)
  from space 35328K, 98% used [0x00000007bb100000,0x00000007bd320450,0x00000007bd380000)
  to   space 39936K, 0% used [0x00000007bd800000,0x00000007bd800000,0x00000007bff00000)
 ParOldGen       total 1057792K, used 547659K [0x000000068b200000, 0x00000006cbb00000, 0x0000000759100000)
  object space 1057792K, 51% used [0x000000068b200000,0x00000006ac8d2e60,0x00000006cbb00000)
 Metaspace       used 125221K, capacity 141600K, committed 141656K, reserved 1173504K
  class space    used 16428K, capacity 18030K, committed 18048K, reserved 1048576K
}
Event: 400.443 GC heap before
{Heap before GC invocations=132 (full 6):
 PSYoungGen      total 1640960K, used 1640577K [0x0000000759100000, 0x00000007bff00000, 0x00000007c0000000)
  eden space 1605632K, 100% used [0x0000000759100000,0x00000007bb100000,0x00000007bb100000)
  from space 35328K, 98% used [0x00000007bb100000,0x00000007bd320450,0x00000007bd380000)
  to   space 39936K, 0% used [0x00000007bd800000,0x00000007bd800000,0x00000007bff00000)
 ParOldGen       total 1057792K, used 547659K [0x000000068b200000, 0x00000006cbb00000, 0x0000000759100000)
  object space 1057792K, 51% used [0x000000068b200000,0x00000006ac8d2e60,0x00000006cbb00000)
 Metaspace       used 125221K, capacity 141600K, committed 141656K, reserved 1173504K
  class space    used 16428K, capacity 18030K, committed 18048K, reserved 1048576K
Event: 400.506 GC heap after
Heap after GC invocations=132 (full 6):
 PSYoungGen      total 1645056K, used 37633K [0x0000000759100000, 0x00000007c0000000, 0x00000007c0000000)
  eden space 1605120K, 0% used [0x0000000759100000,0x0000000759100000,0x00000007bb080000)
  from space 39936K, 94% used [0x00000007bd800000,0x00000007bfcc0490,0x00000007bff00000)
  to   space 40448K, 0% used [0x00000007bb080000,0x00000007bb080000,0x00000007bd800000)
 ParOldGen       total 1057792K, used 548987K [0x000000068b200000, 0x00000006cbb00000, 0x0000000759100000)
  object space 1057792K, 51% used [0x000000068b200000,0x00000006aca1ee60,0x00000006cbb00000)
 Metaspace       used 125221K, capacity 141600K, committed 141656K, reserved 1173504K
  class space    used 16428K, capacity 18030K, committed 18048K, reserved 1048576K
}
Event: 404.715 GC heap before
{Heap before GC invocations=133 (full 6):
 PSYoungGen      total 1645056K, used 1642753K [0x0000000759100000, 0x00000007c0000000, 0x00000007c0000000)
  eden space 1605120K, 100% used [0x0000000759100000,0x00000007bb080000,0x00000007bb080000)
  from space 39936K, 94% used [0x00000007bd800000,0x00000007bfcc0490,0x00000007bff00000)
  to   space 40448K, 0% used [0x00000007bb080000,0x00000007bb080000,0x00000007bd800000)
 ParOldGen       total 1057792K, used 548987K [0x000000068b200000, 0x00000006cbb00000, 0x0000000759100000)
  object space 1057792K, 51% used [0x000000068b200000,0x00000006aca1ee60,0x00000006cbb00000)
 Metaspace       used 125221K, capacity 141600K, committed 141656K, reserved 1173504K
  class space    used 16428K, capacity 18030K, committed 18048K, reserved 1048576K
Event: 404.782 GC heap after
Heap after GC invocations=133 (full 6):
 PSYoungGen      total 1645568K, used 36939K [0x0000000759100000, 0x00000007c0000000, 0x00000007c0000000)
  eden space 1605120K, 0% used [0x0000000759100000,0x0000000759100000,0x00000007bb080000)
  from space 40448K, 91% used [0x00000007bb080000,0x00000007bd492e30,0x00000007bd800000)
  to   space 40448K, 0% used [0x00000007bd880000,0x00000007bd880000,0x00000007c0000000)
 ParOldGen       total 1057792K, used 550539K [0x000000068b200000, 0x00000006cbb00000, 0x0000000759100000)
  object space 1057792K, 52% used [0x000000068b200000,0x00000006acba2e60,0x00000006cbb00000)
 Metaspace       used 125221K, capacity 141600K, committed 141656K, reserved 1173504K
  class space    used 16428K, capacity 18030K, committed 18048K, reserved 1048576K
}
Event: 408.646 GC heap before
{Heap before GC invocations=134 (full 6):
 PSYoungGen      total 1645568K, used 1642059K [0x0000000759100000, 0x00000007c0000000, 0x00000007c0000000)
  eden space 1605120K, 100% used [0x0000000759100000,0x00000007bb080000,0x00000007bb080000)
  from space 40448K, 91% used [0x00000007bb080000,0x00000007bd492e30,0x00000007bd800000)
  to   space 40448K, 0% used [0x00000007bd880000,0x00000007bd880000,0x00000007c0000000)
 ParOldGen       total 1057792K, used 550539K [0x000000068b200000, 0x00000006cbb00000, 0x0000000759100000)
  object space 1057792K, 52% used [0x000000068b200000,0x00000006acba2e60,0x00000006cbb00000)
 Metaspace       used 125221K, capacity 141600K, committed 141656K, reserved 1173504K
  class space    used 16428K, capacity 18030K, committed 18048K, reserved 1048576K
Event: 408.713 GC heap after
Heap after GC invocations=134 (full 6):
 PSYoungGen      total 1646080K, used 38155K [0x0000000759100000, 0x00000007c0000000, 0x00000007c0000000)
  eden space 1605632K, 0% used [0x0000000759100000,0x0000000759100000,0x00000007bb100000)
  from space 40448K, 94% used [0x00000007bd880000,0x00000007bfdc2e30,0x00000007c0000000)
  to   space 40448K, 0% used [0x00000007bb100000,0x00000007bb100000,0x00000007bd880000)
 ParOldGen       total 1057792K, used 552387K [0x000000068b200000, 0x00000006cbb00000, 0x0000000759100000)
  object space 1057792K, 52% used [0x000000068b200000,0x00000006acd70e70,0x00000006cbb00000)
 Metaspace       used 125221K, capacity 141600K, committed 141656K, reserved 1173504K
  class space    used 16428K, capacity 18030K, committed 18048K, reserved 1048576K
}
Event: 412.907 GC heap before
{Heap before GC invocations=135 (full 6):
 PSYoungGen      total 1646080K, used 1643787K [0x0000000759100000, 0x00000007c0000000, 0x00000007c0000000)
  eden space 1605632K, 100% used [0x0000000759100000,0x00000007bb100000,0x00000007bb100000)
  from space 40448K, 94% used [0x00000007bd880000,0x00000007bfdc2e30,0x00000007c0000000)
  to   space 40448K, 0% used [0x00000007bb100000,0x00000007bb100000,0x00000007bd880000)
 ParOldGen       total 1057792K, used 552387K [0x000000068b200000, 0x00000006cbb00000, 0x0000000759100000)
  object space 1057792K, 52% used [0x000000068b200000,0x00000006acd70e70,0x00000006cbb00000)
 Metaspace       used 127529K, capacity 144174K, committed 144344K, reserved 1175552K
  class space    used 16766K, capacity 18372K, committed 18432K, reserved 1048576K
Event: 412.983 GC heap after
Heap after GC invocations=135 (full 6):
 PSYoungGen      total 1644544K, used 38497K [0x0000000759100000, 0x00000007c0000000, 0x00000007c0000000)
  eden space 1605632K, 0% used [0x0000000759100000,0x0000000759100000,0x00000007bb100000)
  from space 38912K, 98% used [0x00000007bb100000,0x00000007bd6984e8,0x00000007bd700000)
  to   space 40960K, 0% used [0x00000007bd800000,0x00000007bd800000,0x00000007c0000000)
 ParOldGen       total 1057792K, used 553899K [0x000000068b200000, 0x00000006cbb00000, 0x0000000759100000)
  object space 1057792K, 52% used [0x000000068b200000,0x00000006aceeae70,0x00000006cbb00000)
 Metaspace       used 127529K, capacity 144174K, committed 144344K, reserved 1175552K
  class space    used 16766K, capacity 18372K, committed 18432K, reserved 1048576K
}

