# JRE version: Java(TM) SE Runtime Environment (8.0_251-b08) (build 1.8.0_251-b08)
# Java VM: Java HotSpot(TM) 64-Bit Server VM (25.251-b08 mixed mode windows-amd64 compressed oops)
Heap:
 PSYoungGen      total 609792K, used 158281K [0x0000000759100000, 0x0000000786400000, 0x00000007c0000000)
  eden space 585216K, 23% used [0x0000000759100000,0x0000000761833d88,0x000000077cc80000)
  from space 24576K, 80% used [0x000000077cc80000,0x000000077dfde828,0x000000077e480000)
  to   space 25600K, 0% used [0x0000000784b00000,0x0000000784b00000,0x0000000786400000)
 ParOldGen       total 345600K, used 27711K [0x000000068b200000, 0x00000006a0380000, 0x0000000759100000)
  object space 345600K, 8% used [0x000000068b200000,0x000000068cd0ff98,0x00000006a0380000)
 Metaspace       used 108715K, capacity 123725K, committed 123864K, reserved 1157120K
  class space    used 15149K, capacity 16769K, committed 16896K, reserved 1048576K
GC Heap History (10 events):
Event: 47.256 GC heap before
{Heap before GC invocations=17 (full 4):
 PSYoungGen      total 370688K, used 355426K [0x0000000759100000, 0x0000000771600000, 0x00000007c0000000)
  eden space 354816K, 95% used [0x0000000759100000,0x000000076dcb5d58,0x000000076eb80000)
  from space 15872K, 99% used [0x0000000770680000,0x00000007715e2bc0,0x0000000771600000)
  to   space 19968K, 0% used [0x000000076ef00000,0x000000076ef00000,0x0000000770280000)
 ParOldGen       total 345600K, used 27647K [0x000000068b200000, 0x00000006a0380000, 0x0000000759100000)
  object space 345600K, 7% used [0x000000068b200000,0x000000068ccfff98,0x00000006a0380000)
 Metaspace       used 104956K, capacity 118669K, committed 118872K, reserved 1153024K
  class space    used 14767K, capacity 16167K, committed 16256K, reserved 1048576K
Event: 47.299 GC heap after
Heap after GC invocations=17 (full 4):
 PSYoungGen      total 378368K, used 16493K [0x0000000759100000, 0x0000000777f80000, 0x00000007c0000000)
  eden space 358400K, 0% used [0x0000000759100000,0x0000000759100000,0x000000076ef00000)
  from space 19968K, 82% used [0x000000076ef00000,0x000000076ff1b5a8,0x0000000770280000)
  to   space 20992K, 0% used [0x0000000776b00000,0x0000000776b00000,0x0000000777f80000)
 ParOldGen       total 345600K, used 27655K [0x000000068b200000, 0x00000006a0380000, 0x0000000759100000)
  object space 345600K, 8% used [0x000000068b200000,0x000000068cd01f98,0x00000006a0380000)
 Metaspace       used 104956K, capacity 118669K, committed 118872K, reserved 1153024K
  class space    used 14767K, capacity 16167K, committed 16256K, reserved 1048576K
}
Event: 51.080 GC heap before
{Heap before GC invocations=18 (full 4):
 PSYoungGen      total 378368K, used 374893K [0x0000000759100000, 0x0000000777f80000, 0x00000007c0000000)
  eden space 358400K, 100% used [0x0000000759100000,0x000000076ef00000,0x000000076ef00000)
  from space 19968K, 82% used [0x000000076ef00000,0x000000076ff1b5a8,0x0000000770280000)
  to   space 20992K, 0% used [0x0000000776b00000,0x0000000776b00000,0x0000000777f80000)
 ParOldGen       total 345600K, used 27655K [0x000000068b200000, 0x00000006a0380000, 0x0000000759100000)
  object space 345600K, 8% used [0x000000068b200000,0x000000068cd01f98,0x00000006a0380000)
 Metaspace       used 106620K, capacity 121427K, committed 121560K, reserved 1155072K
  class space    used 15020K, capacity 16608K, committed 16640K, reserved 1048576K
Event: 51.115 GC heap after
Heap after GC invocations=18 (full 4):
 PSYoungGen      total 484352K, used 17108K [0x0000000759100000, 0x0000000778100000, 0x00000007c0000000)
  eden space 463360K, 0% used [0x0000000759100000,0x0000000759100000,0x0000000775580000)
  from space 20992K, 81% used [0x0000000776b00000,0x0000000777bb53e0,0x0000000777f80000)
  to   space 22016K, 0% used [0x0000000775580000,0x0000000775580000,0x0000000776b00000)
 ParOldGen       total 345600K, used 27671K [0x000000068b200000, 0x00000006a0380000, 0x0000000759100000)
  object space 345600K, 8% used [0x000000068b200000,0x000000068cd05f98,0x00000006a0380000)
 Metaspace       used 106620K, capacity 121427K, committed 121560K, reserved 1155072K
  class space    used 15020K, capacity 16608K, committed 16640K, reserved 1048576K
}
Event: 55.486 GC heap before
{Heap before GC invocations=19 (full 4):
 PSYoungGen      total 484352K, used 480468K [0x0000000759100000, 0x0000000778100000, 0x00000007c0000000)
  eden space 463360K, 100% used [0x0000000759100000,0x0000000775580000,0x0000000775580000)
  from space 20992K, 81% used [0x0000000776b00000,0x0000000777bb53e0,0x0000000777f80000)
  to   space 22016K, 0% used [0x0000000775580000,0x0000000775580000,0x0000000776b00000)
 ParOldGen       total 345600K, used 27671K [0x000000068b200000, 0x00000006a0380000, 0x0000000759100000)
  object space 345600K, 8% used [0x000000068b200000,0x000000068cd05f98,0x00000006a0380000)
 Metaspace       used 107615K, capacity 122455K, committed 122712K, reserved 1155072K
  class space    used 15075K, capacity 16668K, committed 16768K, reserved 1048576K
Event: 55.521 GC heap after
Heap after GC invocations=19 (full 4):
 PSYoungGen      total 485376K, used 19306K [0x0000000759100000, 0x000000077ff80000, 0x00000007c0000000)
  eden space 463360K, 0% used [0x0000000759100000,0x0000000759100000,0x0000000775580000)
  from space 22016K, 87% used [0x0000000775580000,0x000000077685a9b0,0x0000000776b00000)
  to   space 23040K, 0% used [0x000000077e900000,0x000000077e900000,0x000000077ff80000)
 ParOldGen       total 345600K, used 27687K [0x000000068b200000, 0x00000006a0380000, 0x0000000759100000)
  object space 345600K, 8% used [0x000000068b200000,0x000000068cd09f98,0x00000006a0380000)
 Metaspace       used 107615K, capacity 122455K, committed 122712K, reserved 1155072K
  class space    used 15075K, capacity 16668K, committed 16768K, reserved 1048576K
}
Event: 60.021 GC heap before
{Heap before GC invocations=20 (full 4):
 PSYoungGen      total 485376K, used 482666K [0x0000000759100000, 0x000000077ff80000, 0x00000007c0000000)
  eden space 463360K, 100% used [0x0000000759100000,0x0000000775580000,0x0000000775580000)
  from space 22016K, 87% used [0x0000000775580000,0x000000077685a9b0,0x0000000776b00000)
  to   space 23040K, 0% used [0x000000077e900000,0x000000077e900000,0x000000077ff80000)
 ParOldGen       total 345600K, used 27687K [0x000000068b200000, 0x00000006a0380000, 0x0000000759100000)
  object space 345600K, 8% used [0x000000068b200000,0x000000068cd09f98,0x00000006a0380000)
 Metaspace       used 108480K, capacity 123465K, committed 123480K, reserved 1157120K
  class space    used 15142K, capacity 16758K, committed 16768K, reserved 1048576K
Event: 60.047 GC heap after
Heap after GC invocations=20 (full 4):
 PSYoungGen      total 601088K, used 19672K [0x0000000759100000, 0x000000077fc80000, 0x00000007c0000000)
  eden space 581120K, 0% used [0x0000000759100000,0x0000000759100000,0x000000077c880000)
  from space 19968K, 98% used [0x000000077e900000,0x000000077fc362f8,0x000000077fc80000)
  to   space 24576K, 0% used [0x000000077cc80000,0x000000077cc80000,0x000000077e480000)
 ParOldGen       total 345600K, used 27703K [0x000000068b200000, 0x00000006a0380000, 0x0000000759100000)
  object space 345600K, 8% used [0x000000068b200000,0x000000068cd0df98,0x00000006a0380000)
 Metaspace       used 108480K, capacity 123465K, committed 123480K, reserved 1157120K
  class space    used 15142K, capacity 16758K, committed 16768K, reserved 1048576K
}
Event: 62.472 GC heap before
{Heap before GC invocations=21 (full 4):
 PSYoungGen      total 601088K, used 600792K [0x0000000759100000, 0x000000077fc80000, 0x00000007c0000000)
  eden space 581120K, 100% used [0x0000000759100000,0x000000077c880000,0x000000077c880000)
  from space 19968K, 98% used [0x000000077e900000,0x000000077fc362f8,0x000000077fc80000)
  to   space 24576K, 0% used [0x000000077cc80000,0x000000077cc80000,0x000000077e480000)
 ParOldGen       total 345600K, used 27703K [0x000000068b200000, 0x00000006a0380000, 0x0000000759100000)
  object space 345600K, 8% used [0x000000068b200000,0x000000068cd0df98,0x00000006a0380000)
 Metaspace       used 108713K, capacity 123725K, committed 123864K, reserved 1157120K
  class space    used 15149K, capacity 16769K, committed 16896K, reserved 1048576K
Event: 62.517 GC heap after
Heap after GC invocations=21 (full 4):
 PSYoungGen      total 609792K, used 19834K [0x0000000759100000, 0x0000000786400000, 0x00000007c0000000)
  eden space 585216K, 0% used [0x0000000759100000,0x0000000759100000,0x000000077cc80000)
  from space 24576K, 80% used [0x000000077cc80000,0x000000077dfde828,0x000000077e480000)
  to   space 25600K, 0% used [0x0000000784b00000,0x0000000784b00000,0x0000000786400000)
 ParOldGen       total 345600K, used 27711K [0x000000068b200000, 0x00000006a0380000, 0x0000000759100000)
  object space 345600K, 8% used [0x000000068b200000,0x000000068cd0ff98,0x00000006a0380000)
 Metaspace       used 108713K, capacity 123725K, committed 123864K, reserved 1157120K
  class space    used 15149K, capacity 16769K, committed 16896K, reserved 1048576K
}

